#
# There is insufficient memory for the Java Runtime Environment to continue.
# Native memory allocation (mmap) failed to map 402653184 bytes for G1 virtual space
# Possible reasons:
#   The system is out of physical RAM or swap space
#   The process is running with CompressedOops enabled, and the Java Heap may be blocking the growth of the native heap
# Possible solutions:
#   Reduce memory load on the system
#   Increase physical memory or swap space
#   Check if swap backing store is full
#   Decrease Java heap size (-Xmx/-Xms)
#   Decrease number of Java threads
#   Decrease Java thread stack sizes (-Xss)
#   Set larger code cache with -XX:ReservedCodeCacheSize=
#   JVM is running with Zero Based Compressed Oops mode in which the Java heap is
#     placed in the first 32GB address space. The Java Heap base address is the
#     maximum limit for the native heap growth. Please use -XX:HeapBaseMinAddress
#     to set the Java Heap base and to place the Java Heap above 32GB virtual address.
# This output file may be truncated or incomplete.
#
#  Out of Memory Error (os_windows.cpp:3600), pid=25112, tid=39172
#
# JRE version:  (21.0.2+13) (build )
# Java VM: OpenJDK 64-Bit Server VM (21.0.2+13-58, mixed mode, emulated-client, sharing, tiered, compressed oops, compressed class ptrs, g1 gc, windows-amd64)
# No core dump will be written. Minidumps are not enabled by default on client versions of Windows
#

---------------  S U M M A R Y ------------

Command Line: -XX:TieredStopAtLevel=1 -Dspring.output.ansi.enabled=always -Dcom.sun.management.jmxremote -Dspring.jmx.enabled=true -Dspring.liveBeansView.mbeanDomain -Dspring.application.admin.enabled=true -Dmanagement.endpoints.jmx.exposure.include=* -javaagent:C:\Program Files\JetBrains\IntelliJ IDEA 2023.2\lib\idea_rt.jar=58985:C:\Program Files\JetBrains\IntelliJ IDEA 2023.2\bin -Dfile.encoding=UTF-8 -Dsun.stdout.encoding=UTF-8 -Dsun.stderr.encoding=UTF-8 TouristPathfinder2024.TouristPathfinder2024Application

Host: Intel(R) Core(TM) i7-8665U CPU @ 1.90GHz, 8 cores, 23G,  Windows 10 , 64 bit Build 19041 (10.0.19041.3636)
Time: Fri Jun  7 09:19:38 2024 GTB Daylight Time elapsed time: 0.010026 seconds (0d 0h 0m 0s)

---------------  T H R E A D  ---------------

Current thread (0x000001bcb58c06f0):  JavaThread "Unknown thread" [_thread_in_vm, id=39172, stack(0x0000003c7ae00000,0x0000003c7af00000) (1024K)]

Stack: [0x0000003c7ae00000,0x0000003c7af00000]
Native frames: (J=compiled Java code, j=interpreted, Vv=VM code, C=native code)
V  [jvm.dll+0x6cade9]
V  [jvm.dll+0x8569c1]
V  [jvm.dll+0x858d2e]
V  [jvm.dll+0x859413]
V  [jvm.dll+0x280e56]
V  [jvm.dll+0x6c74d5]
V  [jvm.dll+0x6bbeca]
V  [jvm.dll+0x355bca]
V  [jvm.dll+0x35d816]
V  [jvm.dll+0x3ae67e]
V  [jvm.dll+0x3ae928]
V  [jvm.dll+0x3295dc]
V  [jvm.dll+0x32a16b]
V  [jvm.dll+0x81efa9]
V  [jvm.dll+0x3bba01]
V  [jvm.dll+0x807928]
V  [jvm.dll+0x44f50e]
V  [jvm.dll+0x450e11]
C  [jli.dll+0x52a3]
C  [ucrtbase.dll+0x21bb2]
C  [KERNEL32.DLL+0x17344]
C  [ntdll.dll+0x526b1]


---------------  P R O C E S S  ---------------

Threads class SMR info:
_java_thread_list=0x00007ffee9e5bb88, length=0, elements={
}

Java Threads: ( => current thread )
Total: 0

Other Threads:
  0x000001bcb5943cb0 WorkerThread "GC Thread#0"                     [id=38968, stack(0x0000003c7af00000,0x0000003c7b000000) (1024K)]
  0x000001bcb5953000 ConcurrentGCThread "G1 Main Marker"            [id=30228, stack(0x0000003c7b000000,0x0000003c7b100000) (1024K)]
  0x000001bcb5953a10 WorkerThread "G1 Conc#0"                       [id=18764, stack(0x0000003c7b100000,0x0000003c7b200000) (1024K)]

[error occurred during error reporting (printing all threads), id 0xc0000005, EXCEPTION_ACCESS_VIOLATION (0xc0000005) at pc=0x00007ffee95cc6a7]
VM state: not at safepoint (not fully initialized)

VM Mutex/Monitor currently owned by a thread:  ([mutex/lock_event])
[0x00007ffee9ecce68] Heap_lock - owner thread: 0x000001bcb58c06f0

Heap address: 0x0000000682c00000, size: 6100 MB, Compressed Oops mode: Zero based, Oop shift amount: 3

CDS archive(s) mapped at: [0x0000000000000000-0x0000000000000000-0x0000000000000000), size 0, SharedBaseAddress: 0x0000000800000000, ArchiveRelocationMode: 1.
Narrow klass base: 0x0000000000000000, Narrow klass shift: 0, Narrow klass range: 0x0

GC Precious Log:
 CardTable entry size: 512
 Card Set container configuration: InlinePtr #cards 4 size 8 Array Of Cards #cards 32 size 80 Howl #buckets 8 coarsen threshold 7372 Howl Bitmap #cards 1024 size 144 coarsen threshold 921 Card regions per heap region 1 cards per card region 8192

Heap:
 garbage-first heap   total 0K, used 0K [0x0000000682c00000, 0x0000000800000000)
  region size 4096K, 0 young (0K), 0 survivors (0K)

[error occurred during error reporting (printing heap information), id 0xc0000005, EXCEPTION_ACCESS_VIOLATION (0xc0000005) at pc=0x00007ffee99b39f9]
GC Heap History (0 events):
No events

Dll operation events (1 events):
Event: 0.006 Loaded shared library C:\Users\Plamen Kamenov\.jdks\openjdk-21.0.2\bin\java.dll

Deoptimization events (0 events):
No events

Classes loaded (0 events):
No events

Classes unloaded (0 events):
No events

Classes redefined (0 events):
No events

Internal exceptions (0 events):
No events

ZGC Phase Switch (0 events):
No events

VM Operations (0 events):
No events

Events (0 events):
No events


Dynamic libraries:
0x00007ff76b4d0000 - 0x00007ff76b4de000 	C:\Users\Plamen Kamenov\.jdks\openjdk-21.0.2\bin\java.exe
0x00007fffa29b0000 - 0x00007fffa2ba8000 	C:\Windows\SYSTEM32\ntdll.dll
0x00007fffa11d0000 - 0x00007fffa128d000 	C:\Windows\System32\KERNEL32.DLL
0x00007fffa0360000 - 0x00007fffa0656000 	C:\Windows\System32\KERNELBASE.dll
0x00007fffa0870000 - 0x00007fffa0970000 	C:\Windows\System32\ucrtbase.dll
0x00007fff60250000 - 0x00007fff60268000 	C:\Users\Plamen Kamenov\.jdks\openjdk-21.0.2\bin\jli.dll
0x00007fff60130000 - 0x00007fff6014b000 	C:\Users\Plamen Kamenov\.jdks\openjdk-21.0.2\bin\VCRUNTIME140.dll
0x00007fffa13e0000 - 0x00007fffa157f000 	C:\Windows\System32\USER32.dll
0x00007fffa0060000 - 0x00007fffa0082000 	C:\Windows\System32\win32u.dll
0x00007fffa2850000 - 0x00007fffa287b000 	C:\Windows\System32\GDI32.dll
0x00007fff8d690000 - 0x00007fff8d92a000 	C:\Windows\WinSxS\amd64_microsoft.windows.common-controls_6595b64144ccf1df_6.0.19041.4355_none_60b8b9eb71f62e16\COMCTL32.dll
0x00007fffa06b0000 - 0x00007fffa07c7000 	C:\Windows\System32\gdi32full.dll
0x00007fffa28d0000 - 0x00007fffa296e000 	C:\Windows\System32\msvcrt.dll
0x00007fffa07d0000 - 0x00007fffa086d000 	C:\Windows\System32\msvcp_win.dll
0x00007fffa2880000 - 0x00007fffa28b2000 	C:\Windows\System32\IMM32.DLL
0x00007fff698a0000 - 0x00007fff698ac000 	C:\Users\Plamen Kamenov\.jdks\openjdk-21.0.2\bin\vcruntime140_1.dll
0x00007fff40610000 - 0x00007fff4069e000 	C:\Users\Plamen Kamenov\.jdks\openjdk-21.0.2\bin\msvcp140.dll
0x00007ffee9290000 - 0x00007ffee9fa7000 	C:\Users\Plamen Kamenov\.jdks\openjdk-21.0.2\bin\server\jvm.dll
0x00007fffa2040000 - 0x00007fffa20f0000 	C:\Windows\System32\ADVAPI32.dll
0x00007fffa1290000 - 0x00007fffa1330000 	C:\Windows\System32\sechost.dll
0x00007fffa0b70000 - 0x00007fffa0c93000 	C:\Windows\System32\RPCRT4.dll
0x00007fffa0140000 - 0x00007fffa0167000 	C:\Windows\System32\bcrypt.dll
0x00007fffa24e0000 - 0x00007fffa254b000 	C:\Windows\System32\WS2_32.dll
0x00007fff9fa60000 - 0x00007fff9faab000 	C:\Windows\SYSTEM32\POWRPROF.dll
0x00007fff78d20000 - 0x00007fff78d47000 	C:\Windows\SYSTEM32\WINMM.dll
0x00007fff97aa0000 - 0x00007fff97aaa000 	C:\Windows\SYSTEM32\VERSION.dll
0x00007fff9fa40000 - 0x00007fff9fa52000 	C:\Windows\SYSTEM32\UMPDC.dll
0x00007fff9df10000 - 0x00007fff9df22000 	C:\Windows\SYSTEM32\kernel.appcore.dll
0x00007fff64a70000 - 0x00007fff64a7a000 	C:\Users\Plamen Kamenov\.jdks\openjdk-21.0.2\bin\jimage.dll
0x00007fff9dc90000 - 0x00007fff9de74000 	C:\Windows\SYSTEM32\DBGHELP.DLL
0x00007fff8df30000 - 0x00007fff8df64000 	C:\Windows\SYSTEM32\dbgcore.DLL
0x00007fffa0170000 - 0x00007fffa01f2000 	C:\Windows\System32\bcryptPrimitives.dll
0x00007fff8dab0000 - 0x00007fff8dabf000 	C:\Users\Plamen Kamenov\.jdks\openjdk-21.0.2\bin\instrument.dll
0x00007fff5c430000 - 0x00007fff5c44f000 	C:\Users\Plamen Kamenov\.jdks\openjdk-21.0.2\bin\java.dll

dbghelp: loaded successfully - version: 4.0.5 - missing functions: none
symbol engine: initialized successfully - sym options: 0x614 - pdb path: .;C:\Users\Plamen Kamenov\.jdks\openjdk-21.0.2\bin;C:\Windows\SYSTEM32;C:\Windows\WinSxS\amd64_microsoft.windows.common-controls_6595b64144ccf1df_6.0.19041.4355_none_60b8b9eb71f62e16;C:\Users\Plamen Kamenov\.jdks\openjdk-21.0.2\bin\server

VM Arguments:
jvm_args: -XX:TieredStopAtLevel=1 -Dspring.output.ansi.enabled=always -Dcom.sun.management.jmxremote -Dspring.jmx.enabled=true -Dspring.liveBeansView.mbeanDomain -Dspring.application.admin.enabled=true -Dmanagement.endpoints.jmx.exposure.include=* -javaagent:C:\Program Files\JetBrains\IntelliJ IDEA 2023.2\lib\idea_rt.jar=58985:C:\Program Files\JetBrains\IntelliJ IDEA 2023.2\bin -Dfile.encoding=UTF-8 -Dsun.stdout.encoding=UTF-8 -Dsun.stderr.encoding=UTF-8 
java_command: TouristPathfinder2024.TouristPathfinder2024Application
java_class_path (initial): C:\Users\Plamen Kamenov\Desktop\MyPrograming\exercises\SpringAdvanced\TourPath2024\TouristPathfinder2024\build\classes\java\main;C:\Users\Plamen Kamenov\Desktop\MyPrograming\exercises\SpringAdvanced\TourPath2024\TouristPathfinder2024\build\resources\main;C:\Users\Plamen Kamenov\.gradle\caches\modules-2\files-2.1\org.springframework.boot\spring-boot-starter-data-jpa\3.3.0\daa6f75f99e68f11f473a5681955764ff4d4b024\spring-boot-starter-data-jpa-3.3.0.jar;C:\Users\Plamen Kamenov\.gradle\caches\modules-2\files-2.1\org.springframework.boot\spring-boot-starter-thymeleaf\3.3.0\b5321bd6f080ec0f373793b54d55a62f380aa815\spring-boot-starter-thymeleaf-3.3.0.jar;C:\Users\Plamen Kamenov\.gradle\caches\modules-2\files-2.1\org.springframework.boot\spring-boot-starter-validation\3.3.0\567b0ee4be72f0888addbbb52f66979d5e6ecf1\spring-boot-starter-validation-3.3.0.jar;C:\Users\Plamen Kamenov\.gradle\caches\modules-2\files-2.1\org.modelmapper\modelmapper\3.2.0\7664b15466a898625b394af6000439c5799a5d2b\modelmapper-3.2.0.jar;C:\Users\Plamen Kamenov\.gradle\caches\modules-2\files-2.1\org.springframework.boot\spring-boot-starter-web\3.3.0\d8f587bc52e6c31dc4f161a49ce8f5e19f8853a9\spring-boot-starter-web-3.3.0.jar;C:\Users\Plamen Kamenov\.gradle\caches\modules-2\files-2.1\org.springframework.boot\spring-boot-starter-aop\3.3.0\f160f43a3f58618c92677d249a64def02a76830c\spring-boot-starter-aop-3.3.0.jar;C:\Users\Plamen Kamenov\.gradle\caches\modules-2\files-2.1\org.springframework.boot\spring-boot-starter-jdbc\3.3.0\d2521191455fbf05c8d5bb49f39cb6d8fcb004b\spring-boot-starter-jdbc-3.3.0.jar;C:\Users\Plamen Kamenov\.gradle\caches\modules-2\files-2.1\org.hibernate.orm\hibernate-core\6.5.2.Final\e9e0cc47f6cd2b2553968aee66bd9e55e7485221\hibernate-core-6.5.2.Final.jar;C:\Users\Plamen Kamenov\.gradle\caches\modules-2\files-2.1\org.springframework.data\spring-data-jpa\3.3.0\b1a00d814eeffd3024ddc9967b8f1e38d6f9deb7\spring-data-jpa-3.3.0.jar;C:\Users\Plamen Kamenov\.gradle\caches\modules-2\files-2.1\org.springframework\spring-aspects\6.1.8\14565483b4dc6171a8d28f953cb202ecbf8fbd0e\spring-aspects-6.1.8.jar;C:\Users\Plamen Kamenov\.gradle\caches\modules-2\files-2.1\org.springframework.boot\spring-boot-starter\3.3.0\1af929e0fcb10c2bfc3f3619f4ca9049bd927b\spring-boot-starter-3.3.0.jar;C:\Users\Plamen Kamenov\.gradle\caches\modules-2\files-2.1\org.thymeleaf\thymeleaf-spring6\3.1.2.RELEASE\6030c7b4e260c41336f378e53da6e8531263f24b\thymeleaf-spring6-3.1.2.RELEASE.jar;C:\Users\Plamen Kamenov\.gradle\caches\modules-2\files-2.1\org.apache.tomcat.embed\tomcat-embed-el\10.1.24\6e9c9dce63c10f903cb0aaaeff45f5f7092f5527\tomcat-embed-el-10.1.24.jar;C:\Users\Plamen Kamenov\.gradle\caches\modules-2\files-2.1\org.hibernate.validator\hibernate-validator\8.0.1.Final\e49e116b3d3928060599b176b3538bb848718e95\hibernate-validator-8.0.1.Final.jar;C:\Users\Plamen Kamenov\.gradle\caches\modules-2\files-2.1\org.springframework.boot\spring-boot-starter-json\3.3.0\1c9938093b372602f121e2b073f490897388cc71\spring-boot-starter-json-3.3.0.jar;C:\Users\Plamen Kamenov\.gradle\caches\modules-2\files-2.1\org.springframework.boot\spring-boot-starter-tomcat\3.3.0\f9cdd6f3976d307e10cce065349e331d7162faf2\spring-boot-starter-tomcat-3.3.0.jar;C:\Users\Plamen Kamenov\.gradle\caches\modules-2\files-2.1\org.springframework\spring-webmvc\6.1.8\8496f8c010625bc0b857d19d2e93a9bdd691c1af\spring-webmvc-6.1.8.jar;C:\Users\Plamen Kamenov\.gradle\caches\modules-2\files-2.1\org.springframework\spring-web\6.1.8\1461405dc325c82a0a058df033bee3d8c6dd6e41\spring-web-6.1.8.jar;C:\Users\Plamen Kamenov\.gradle\caches\modules-2\files-2.1\org.springframework\spring-aop\6.1.8\ef793a21e405a88d9d32b92cb459c845ee12b271\spring-aop-6.1.8.jar;C:\Users\Plamen Kamenov\.gradle\caches\modules-2\files-2.1\org.aspectj\aspectjweaver\1.9.22\10736ab74a53af5e2e1b07e76335a5391526b6f8\aspectjweaver-1.9.22.jar;C:\Users\Plamen Kamenov\.gradle\caches\modules-2\files-2.1\com.zaxxer\HikariCP\5.1.0\8c96e36c14461fc436bb02b264b96ef3ca5dca8c\HikariCP-5.1.0.jar;C:\Users\Plamen Kamenov\.gradle\caches\modules-2\files-2.1\org.springframework\spring-jdbc\6.1.8\a744f02da5a64f2b497f143c461a5d5d675051e6\spring-jdbc-6.1.8.jar;C:\Users\Plamen Kamenov\.gradle\caches\modules-2\files-2.1\jakarta.persistence\jakarta.persistence-api\3.1.0\66901fa1c373c6aff65c13791cc11da72060a8d6\jakarta.persistence-api-3.1.0.jar;C:\Users\Plamen Kamenov\.gradle\caches\modules-2\files-2.1\jakarta.transaction\jakarta.transaction-api\2.0.1\51a520e3fae406abb84e2e1148e6746ce3f80a1a\jakarta.transaction-api-2.0.1.jar;C:\Users\Plamen Kamenov\.gradle\caches\modules-2\files-2.1\org.springframework\spring-context\6.1.8\21219a0df58e5b96ef489a172b449232573352e8\spring-context-6.1.8.jar;C:\Users\Plamen Kamenov\.gradle\caches\modules-2\files-2.1\org.springframework\spring-orm\6.1.8\f66e4c27c29f939083a164513b90ebf7109e76d1\spring-orm-6.1.8.jar;C:\Users\Plamen Kamenov\.gradle\caches\modules-2\files-2.1\org.springframework.data\spring-data-commons\3.3.0\4dc8ab6219476c3893b27f29ea232ad71911c86e\spring-data-commons-3.3.0.jar;C:\Users\Plamen Kamenov\.gradle\caches\modules-2\files-2.1\org.springframework\spring-tx\6.1.8\1f0249f1785d39f9e21694aaeb4b02916abda632\spring-tx-6.1.8.jar;C:\Users\Plamen Kamenov\.gradle\caches\modules-2\files-2.1\org.springframework\spring-beans\6.1.8\79a5e45383542ff514b5328fe277410cf4054f3b\spring-beans-6.1.8.jar;C:\Users\Plamen Kamenov\.gradle\caches\modules-2\files-2.1\org.springframework\spring-core\6.1.8\141fc11a5dbaa503fe361150312ad0fa9d9c03da\spring-core-6.1.8.jar;C:\Users\Plamen Kamenov\.gradle\caches\modules-2\files-2.1\org.antlr\antlr4-runtime\4.13.0\5a02e48521624faaf5ff4d99afc88b01686af655\antlr4-runtime-4.13.0.jar;C:\Users\Plamen Kamenov\.gradle\caches\modules-2\files-2.1\jakarta.annotation\jakarta.annotation-api\2.1.1\48b9bda22b091b1f48b13af03fe36db3be6e1ae3\jakarta.annotation-api-2.1.1.jar;C:\Users\Plamen Kamenov\.gradle\caches\modules-2\files-2.1\org.slf4j\slf4j-api\2.0.13\80229737f704b121a318bba5d5deacbcf395bc77\slf4j-api-2.0.13.jar;C:\Users\Plamen Kamenov\.gradle\caches\modules-2\files-2.1\org.springframework.boot\spring-boot-autoconfigure\3.3.0\1d98cfa94223e6a3a0e0ad301822cef90cc04fbc\spring-boot-autoconfigure-3.3.0.jar;C:\Users\Plamen Kamenov\.gradle\caches\modules-2\files-2.1\org.springframework.boot\spring-boot\3.3.0\83d42f81f312d71b9425f58d1d3f9e8970e51b22\spring-boot-3.3.0.jar;C:\Users\Plamen Kamenov\.gradle\caches\modules-2\files-2.1\org.springframework.boot\spring-boot-starter-logging\3.3.0\79a400c9d7ce3a7cecf296fda402e3100a099bce\spring-boot-starter-logging-3.3.0.jar;C:\Users\Plamen Kamenov\.gradle\caches\modules-2\files-2.1\org.yaml\snakeyaml\2.2\3af797a25458550a16bf89acc8e4ab2b7f2bfce0\snakeyaml-2.2.jar;C:\Users\Plamen Kamenov\.gradle\caches\modules-2\files-2.1\org.thymeleaf\thymeleaf\3.1.2.RELEASE\273997509a4c7aef86cee0521750140c587d9be2\thymeleaf-3.1.2.RELEASE.jar;C:\Users\Plamen Kamenov\.gradle\caches\modules-2\files-2.1\jakarta.validation\jakarta.validation-api\3.0.2\92b6631659ba35ca09e44874d3eb936edfeee532\jakarta.validation-api-3.0.2.jar;C:\Users\Plamen Kamenov\.gradle\caches\modules-2\files-2.1\org.jboss.logging\jboss-logging\3.5.3.Final\c88fc1d8a96d4c3491f55d4317458ccad53ca663\jboss-logging-3.5.3.Final.jar;C:\Users\Plamen Kamenov\.gradle\caches\modules-2\files-2.1\com.fasterxml\classmate\1.7.0\e98374da1f2143ac8e6e0a95036994bb19137a3\classmate-1.7.0.jar;C:\Users\Plamen Kamenov\.gradle\caches\modules-2\files-2.1\com.fasterxml.jackson.datatype\jackson-datatype-jsr310\2.17.1\969b0c3cb8c75d759e9a6c585c44c9b9f3a4f75\jackson-datatype-jsr310-2.17.1.jar;C:\Users\Plamen Kamenov\.gradle\caches\modules-2\files-2.1\com.fasterxml.jackson.module\jackson-module-parameter-names\2.17.1\74a998f6fbcedbddedf0a27e8ce72078b2e516a6\jackson-module-parameter-names-2.17.1.jar;C:\Users\Plamen Kamenov\.gradle\caches\modules-2\files-2.1\com.fasterxml.jackson.datatype\jackson-datatype-jdk8\2.17.1\76b495194c36058904c82e288d285a1bd13f0ffa\jackson-datatype-jdk8-2.17.1.jar;C:\Users\Plamen Kamenov\.gradle\caches\modules-2\files-2.1\com.fasterxml.jackson.core\jackson-databind\2.17.1\524dcbcccdde7d45a679dfc333e4763feb09079\jackson-databind-2.17.1.jar;C:\Users\Plamen Kamenov\.gradle\caches\modules-2\files-2.1\org.apache.tomcat.embed\tomcat-embed-websocket\10.1.24\938419aba5a4f4645b9cd23a9e1d5453e85d09b9\tomcat-embed-websocket-10.1.24.jar;C:\Users\Plamen Kamenov\.gradle\caches\modules-2\files-2.1\org.apache.tomcat.embed\tomcat-embed-core\10.1.24\cd9358f0a26d26e1a2c7200f69cb9a302c20ceb4\tomcat-embed-core-10.1.24.jar;C:\Users\Plamen Kamenov\.gradle\caches\modules-2\files-2.1\org.springframework\spring-expression\6.1.8\dcf78ef442c24f32ff8c6a9746e7f5209b330111\spring-expression-6.1.8.jar;C:\Users\Plamen Kamenov\.gradle\caches\modules-2\files-2.1\io.micrometer\micrometer-observation\1.13.0\5aa75fbb4367dc3b28e557d14535d21335dc8985\micrometer-observation-1.13.0.jar;C:\Users\Plamen Kamenov\.gradle\caches\modules-2\files-2.1\org.springframework\spring-jcl\6.1.8\a545266a6efac9283353a922783a0a06f197ec0\spring-jcl-6.1.8.jar;C:\Users\Plamen Kamenov\.gradle\caches\modules-2\files-2.1\ch.qos.logback\logback-classic\1.5.6\afc75d260d838a3bddfb8f207c2805ed7d1b34f9\logback-classic-1.5.6.jar;C:\Users\Plamen Kamenov\.gradle\caches\modules-2\files-2.1\org.apache.logging.log4j\log4j-to-slf4j\2.23.1\425ad1eb8a39904d2830e907a324e956fb456520\log4j-to-slf4j-2.23.1.jar;C:\Users\Plamen Kamenov\.gradle\caches\modules-2\files-2.1\org.slf4j\jul-to-slf4j\2.0.13\a3bcd9d9dd50c71ce69f06b1fd05e40fdeff6ba5\jul-to-slf4j-2.0.13.jar;C:\Users\Plamen Kamenov\.gradle\caches\modules-2\files-2.1\org.attoparser\attoparser\2.0.7.RELEASE\e5d0e988d9124139d645bb5872b24dfa23e283cc\attoparser-2.0.7.RELEASE.jar;C:\Users\Plamen Kamenov\.gradle\caches\modules-2\files-2.1\org.unbescape\unbescape\1.1.6.RELEASE\7b90360afb2b860e09e8347112800d12c12b2a13\unbescape-1.1.6.RELEASE.jar;C:\Users\Plamen Kamenov\.gradle\caches\modules-2\files-2.1\com.fasterxml.jackson.core\jackson-annotations\2.17.1\fca7ef6192c9ad05d07bc50da991bf937a84af3a\jackson-annotations-2.17.1.jar;C:\Users\Plamen Kamenov\.gradle\caches\modules-2\files-2.1\com.fasterxml.jackson.core\jackson-core\2.17.1\5e52a11644cd59a28ef79f02bddc2cc3bab45edb\jackson-core-2.17.1.jar;C:\Users\Plamen Kamenov\.gradle\caches\modules-2\files-2.1\io.micrometer\micrometer-commons\1.13.0\156a59aff8d72c5e631eb4a2d739373ed5881609\micrometer-commons-1.13.0.jar;C:\Users\Plamen Kamenov\.gradle\caches\modules-2\files-2.1\ch.qos.logback\logback-core\1.5.6\41cbe874701200c5624c19e0ab50d1b88dfcc77d\logback-core-1.5.6.jar;C:\Users\Plamen Kamenov\.gradle\caches\modules-2\files-2.1\org.apache.logging.log4j\log4j-api\2.23.1\9c15c29c526d9c6783049c0a77722693c66706e1\log4j-api-2.23.1.jar;C:\Users\Plamen Kamenov\.gradle\caches\modules-2\files-2.1\org.springframework.boot\spring-boot-devtools\3.3.0\39c6e0d1648deda614d6876524a2778cbd3ddc3c\spring-boot-devtools-3.3.0.jar;C:\Users\Plamen Kamenov\.gradle\caches\modules-2\files-2.1\com.mysql\mysql-connector-j\8.3.0\1cc7fa5d61f4bbc113531a4ba6d85d41cf3d57e1\mysql-connector-j-8.3.0.jar;C:\Users\Plamen Kamenov\.gradle\caches\modules-2\files-2.1\org.hibernate.common\hibernate-commons-annotations\6.0.6.Final\77a5f94b56d49508e0ee334751db5b78e5ccd50c\hibernate-commons-annotations-6.0.6.Final.jar;C:\Users\Plamen Kamenov\.gradle\caches\modules-2\files-2.1\io.smallrye\jandex\3.1.2\a6c1c89925c7df06242b03dddb353116ceb9584c\jandex-3.1.2.jar;C:\Users\Plamen Kamenov\.gradle\caches\modules-2\files-2.1\net.bytebuddy\byte-buddy\1.14.16\e1b9a06e131b7d5b183c8ccc7c29b9e5a8dba077\byte-buddy-1.14.16.jar;C:\Users\Plamen Kamenov\.gradle\caches\modules-2\files-2.1\org.glassfish.jaxb\jaxb-runtime\4.0.5\ca84c2a7169b5293e232b9d00d1e4e36d4c3914a\jaxb-runtime-4.0.5.jar;C:\Users\Plamen Kamenov\.gradle\caches\modules-2\files-2.1\jakarta.xml.bind\jakarta.xml.bind-api\4.0.2\6cd5a999b834b63238005b7144136379dc36cad2\jakarta.xml.bind-api-4.0.2.jar;C:\Users\Plamen Kamenov\.gradle\caches\modules-2\files-2.1\jakarta.inject\jakarta.inject-api\2.0.1\4c28afe1991a941d7702fe1362c365f0a8641d1e\jakarta.inject-api-2.0.1.jar;C:\Users\Plamen Kamenov\.gradle\caches\modules-2\files-2.1\org.glassfish.jaxb\jaxb-core\4.0.5\7b4b11ea5542eea4ad55e1080b23be436795b3\jaxb-core-4.0.5.jar;C:\Users\Plamen Kamenov\.gradle\caches\modules-2\files-2.1\jakarta.activation\jakarta.activation-api\2.1.3\fa165bd70cda600368eee31555222776a46b881f\jakarta.activation-api-2.1.3.jar;C:\Users\Plamen Kamenov\.gradle\caches\modules-2\files-2.1\org.eclipse.angus\angus-activation\2.0.2\41f1e0ddd157c856926ed149ab837d110955a9fc\angus-activation-2.0.2.jar;C:\Users\Plamen Kamenov\.gradle\caches\modules-2\files-2.1\org.glassfish.jaxb\txw2\4.0.5\f36a4ef12120a9bb06d766d6a0e54b144fd7ed98\txw2-4.0.5.jar;C:\Users\Plamen Kamenov\.gradle\caches\modules-2\files-2.1\com.sun.istack\istack-commons-runtime\4.1.2\18ec117c85f3ba0ac65409136afa8e42bc74e739\istack-commons-runtime-4.1.2.jar
Launcher Type: SUN_STANDARD

[Global flags]
     intx CICompilerCount                          = 4                                         {product} {ergonomic}
     uint ConcGCThreads                            = 2                                         {product} {ergonomic}
     uint G1ConcRefinementThreads                  = 8                                         {product} {ergonomic}
   size_t G1HeapRegionSize                         = 4194304                                   {product} {ergonomic}
    uintx GCDrainStackTargetSize                   = 64                                        {product} {ergonomic}
   size_t InitialHeapSize                          = 402653184                                 {product} {ergonomic}
     bool ManagementServer                         = true                                      {product} {command line}
   size_t MarkStackSize                            = 4194304                                   {product} {ergonomic}
   size_t MaxHeapSize                              = 6396313600                                {product} {ergonomic}
   size_t MinHeapDeltaBytes                        = 4194304                                   {product} {ergonomic}
   size_t MinHeapSize                              = 8388608                                   {product} {ergonomic}
    uintx NonNMethodCodeHeapSize                   = 4096                                   {pd product} {ergonomic}
    uintx NonProfiledCodeHeapSize                  = 0                                      {pd product} {ergonomic}
     bool ProfileInterpreter                       = false                                  {pd product} {command line}
    uintx ProfiledCodeHeapSize                     = 0                                      {pd product} {ergonomic}
   size_t SoftMaxHeapSize                          = 6396313600                             {manageable} {ergonomic}
     intx TieredStopAtLevel                        = 1                                         {product} {command line}
     bool UseCompressedOops                        = true                           {product lp64_product} {ergonomic}
     bool UseG1GC                                  = true                                      {product} {ergonomic}
     bool UseLargePagesIndividualAllocation        = false                                  {pd product} {ergonomic}

Logging:
Log output configuration:
 #0: stdout all=warning uptime,level,tags foldmultilines=false
 #1: stderr all=off uptime,level,tags foldmultilines=false

Environment Variables:
PATH=C:\Python312\Scripts\;C:\Python312\;C:\Windows\system32;C:\Windows;C:\Windows\System32\Wbem;C:\Windows\System32\WindowsPowerShell\v1.0\;C:\Windows\System32\OpenSSH\;C:\Program Files\nodejs\;C:\ProgramData\chocolatey\bin;C:\Program Files\Git\cmd;C:\Program Files\dotnet\;C:\Program Files\Microsoft SQL Server\Client SDK\ODBC\170\Tools\Binn\;C:\Program Files (x86)\Microsoft SQL Server\150\Tools\Binn\;C:\Program Files\Microsoft SQL Server\150\Tools\Binn\;C:\Program Files\Microsoft SQL Server\150\DTS\Binn\;C:\Program Files\MySQL\MySQL Shell 8.0\bin\;C:\Users\Plamen Kamenov\AppData\Local\Microsoft\WindowsApps;C:\Users\Plamen Kamenov\AppData\Roaming\npm;C:\Users\Plamen Kamenov\AppData\Local\Programs\Microsoft VS Code\bin
USERNAME=Plamen Kamenov
OS=Windows_NT
PROCESSOR_IDENTIFIER=Intel64 Family 6 Model 142 Stepping 12, GenuineIntel
TMP=C:\Users\PLAMEN~1\AppData\Local\Temp
TEMP=C:\Users\PLAMEN~1\AppData\Local\Temp




Periodic native trim disabled

---------------  S Y S T E M  ---------------

OS:
 Windows 10 , 64 bit Build 19041 (10.0.19041.3636)
OS uptime: 6 days 22:29 hours
Hyper-V role detected

CPU: total 8 (initial active 8) (4 cores per cpu, 2 threads per core) family 6 model 142 stepping 12 microcode 0xf8, cx8, cmov, fxsr, ht, mmx, 3dnowpref, sse, sse2, sse3, ssse3, sse4.1, sse4.2, popcnt, lzcnt, tsc, tscinvbit, avx, avx2, aes, erms, clmul, bmi1, bmi2, adx, fma, vzeroupper, clflush, clflushopt, hv, rdtscp, f16c
Processor Information for all 8 processors :
  Max Mhz: 2112, Current Mhz: 1910, Mhz Limit: 1900

Memory: 4k page, system-wide physical 24390M (6565M free)
TotalPageFile size 34052M (AvailPageFile size 217M)
current process WorkingSet (physical memory assigned to process): 11M, peak: 11M
current process commit charge ("private bytes"): 55M, peak: 439M

vm_info: OpenJDK 64-Bit Server VM (21.0.2+13-58) for windows-amd64 JRE (21.0.2+13-58), built on 2024-01-05T18:32:24Z by "mach5one" with MS VC++ 17.1 (VS2022)

END.
